SF:lib\features\weather\data\models\weather_model.dart
DA:6,2
DA:24,2
DA:25,1
DA:26,3
DA:27,3
DA:28,3
DA:29,2
DA:30,2
DA:31,2
DA:34,2
DA:35,1
DA:36,1
DA:37,1
DA:38,1
DA:39,1
DA:42,1
DA:43,1
DA:44,1
DA:45,1
DA:47,1
DA:50,2
DA:51,1
DA:52,1
DA:53,1
DA:54,1
DA:55,1
DA:56,1
DA:57,1
DA:60,1
DA:61,1
DA:62,1
DA:63,1
DA:64,1
DA:65,1
DA:66,1
DA:67,1
DA:68,1
LF:37
LH:37
end_of_record
SF:lib\features\weather\domain\entities\weather.dart
DA:4,2
DA:22,1
DA:23,1
DA:24,1
DA:25,1
DA:26,1
DA:27,1
DA:28,1
DA:29,1
DA:30,1
LF:10
LH:10
end_of_record
SF:lib\core\constants.dart
DA:4,0
DA:5,0
DA:6,0
DA:7,0
LF:4
LH:0
end_of_record
SF:lib\core\errors\failure.dart
DA:5,0
DA:7,0
DA:8,0
DA:12,0
DA:16,0
DA:20,0
LF:6
LH:0
end_of_record
SF:lib\features\weather\data\datasources\remote_data_source.dart
DA:14,0
DA:17,0
DA:19,0
DA:21,0
DA:22,0
DA:24,0
LF:6
LH:0
end_of_record
SF:lib\features\weather\domain\usecases\get_current_weather.dart
DA:9,0
DA:11,0
DA:12,0
LF:3
LH:0
end_of_record
